Using pre-set license
Built from '2020.2/release' branch; Version is '2020.2.0f1 (3721df5a8b28) revision 3613151'; Using compiler version '192528614'; Build Type 'Release'
OS: 'Windows 10  (10.0.0) 64bit' Language: 'en' Physical Memory: 16196 MB
BatchMode: 1, IsHumanControllingUs: 0, StartBugReporterOnCrash: 0, Is64bit: 1, IsPro: 0

 COMMAND LINE ARGUMENTS:
C:\Program Files\Unity\Hub\Editor\2020.2.0f1\Editor\Unity.exe
-adb2
-batchMode
-noUpm
-name
AssetImportWorker0
-projectPath
D:/3D Unity/Projects/Asteroid Prototipe
-logFile
Logs/AssetImportWorker0.log
-srvPort
58433
Successfully changed project path to: D:/3D Unity/Projects/Asteroid Prototipe
D:/3D Unity/Projects/Asteroid Prototipe
Using Asset Import Pipeline V2.
Refreshing native plugins compatible for Editor in 26.04 ms, found 0 plugins.
Preloading 0 native plugins for Editor in 0.00 ms.
Initialize engine version: 2020.2.0f1 (3721df5a8b28)
[Subsystems] Discovering subsystems at path C:/Program Files/Unity/Hub/Editor/2020.2.0f1/Editor/Data/Resources/UnitySubsystems
[Subsystems] Discovering subsystems at path D:/3D Unity/Projects/Asteroid Prototipe/Assets
GfxDevice: creating device client; threaded=0
Direct3D:
    Version:  Direct3D 11.0 [level 11.1]
    Renderer: NVIDIA GeForce GTX 1660 Ti (ID=0x2191)
    Vendor:   
    VRAM:     5991 MB
    Driver:   27.21.14.5671
Initialize mono
Mono path[0] = 'C:/Program Files/Unity/Hub/Editor/2020.2.0f1/Editor/Data/Managed'
Mono path[1] = 'C:/Program Files/Unity/Hub/Editor/2020.2.0f1/Editor/Data/MonoBleedingEdge/lib/mono/unityjit'
Mono config path = 'C:/Program Files/Unity/Hub/Editor/2020.2.0f1/Editor/Data/MonoBleedingEdge/etc'
Using monoOptions --debugger-agent=transport=dt_socket,embedding=1,server=y,suspend=n,address=127.0.0.1:56084
Begin MonoManager ReloadAssembly
Registering precompiled unity dll's ...
Register platform support module: C:/Program Files/Unity/Hub/Editor/2020.2.0f1/Editor/Data/PlaybackEngines/WindowsStandaloneSupport/UnityEditor.WindowsStandalone.Extensions.dll
Registered in 0.001464 seconds.
Native extension for WindowsStandalone target not found
Refreshing native plugins compatible for Editor in 24.88 ms, found 0 plugins.
Preloading 0 native plugins for Editor in 0.00 ms.
Invoked RoslynAnalysisRunner static constructor.
RoslynAnalysisRunner will not be running.
RoslynAnalysisRunner has terminated.
Mono: successfully reloaded assembly
- Completed reload, in  0.892 seconds
Platform modules already initialized, skipping
Registering precompiled user dll's ...
Registered in 0.000508 seconds.
Begin MonoManager ReloadAssembly
Native extension for WindowsStandalone target not found
Refreshing native plugins compatible for Editor in 0.27 ms, found 0 plugins.
Preloading 0 native plugins for Editor in 0.00 ms.
Invoked RoslynAnalysisRunner static constructor.
RoslynAnalysisRunner will not be running.
RoslynAnalysisRunner has terminated.
Mono: successfully reloaded assembly
- Completed reload, in  0.767 seconds
Platform modules already initialized, skipping
========================================================================
Worker process is ready to serve import requests
Launched and connected shader compiler UnityShaderCompiler.exe after 0.03 seconds
Refreshing native plugins compatible for Editor in 0.21 ms, found 0 plugins.
Preloading 0 native plugins for Editor in 0.00 ms.
Unloading 1159 Unused Serialized files (Serialized files now loaded: 0)
System memory in use before: 60.2 MB.
System memory in use after: 60.3 MB.

Unloading 10 unused Assets to reduce memory usage. Loaded Objects now: 1601.
Total: 1.702600 ms (FindLiveObjects: 0.132500 ms CreateObjectMapping: 0.041500 ms MarkObjects: 1.425000 ms  DeleteObjects: 0.102200 ms)

========================================================================
Received Import Request.
  path: Assets/Scenes/Menu.unity
  artifactKey: Guid(5265ac89a702e7a46a95967180e72050) Importer(815301076,1909f56bfc062723c751e8b465ee728b)
Start importing Assets/Scenes/Menu.unity using Guid(5265ac89a702e7a46a95967180e72050) Importer(815301076,1909f56bfc062723c751e8b465ee728b)  -> (artifact id: '5343095e1f8c7669fb1ee03d7819442e') in 0.060511 seconds
  Import took 0.067377 seconds .

========================================================================
Received Prepare
Registering precompiled user dll's ...
Registered in 0.000777 seconds.
Begin MonoManager ReloadAssembly
Native extension for WindowsStandalone target not found
Refreshing native plugins compatible for Editor in 0.22 ms, found 0 plugins.
Preloading 0 native plugins for Editor in 0.00 ms.
Invoked RoslynAnalysisRunner static constructor.
RoslynAnalysisRunner will not be running.
RoslynAnalysisRunner has terminated.
Mono: successfully reloaded assembly
- Completed reload, in  0.696 seconds
Platform modules already initialized, skipping
Refreshing native plugins compatible for Editor in 0.37 ms, found 0 plugins.
Preloading 0 native plugins for Editor in 0.00 ms.
Unloading 1141 Unused Serialized files (Serialized files now loaded: 0)
System memory in use before: 59.5 MB.
System memory in use after: 59.6 MB.

Unloading 5 unused Assets to reduce memory usage. Loaded Objects now: 1603.
Total: 1.297200 ms (FindLiveObjects: 0.117900 ms CreateObjectMapping: 0.031800 ms MarkObjects: 1.106900 ms  DeleteObjects: 0.039800 ms)

========================================================================
Received Import Request.
  Time since last request: 1388.819223 seconds.
  path: Assets/Matirials/Backgrounds/Icon_turn_off_sound.jpg
  artifactKey: Guid(36d9f1403d1b88442a0b09ffe92fcb68) Importer(815301076,1909f56bfc062723c751e8b465ee728b)
Start importing Assets/Matirials/Backgrounds/Icon_turn_off_sound.jpg using Guid(36d9f1403d1b88442a0b09ffe92fcb68) Importer(815301076,1909f56bfc062723c751e8b465ee728b)  -> (artifact id: 'c24f0c0820b57c2e228e738e55e6cd95') in 0.100362 seconds
  Import took 0.103074 seconds .

========================================================================
Received Import Request.
  Time since last request: 10.390156 seconds.
  path: Assets/Matirials/Backgrounds/Icon_turn_off_sound.jpg
  artifactKey: Guid(36d9f1403d1b88442a0b09ffe92fcb68) Importer(815301076,1909f56bfc062723c751e8b465ee728b)
Start importing Assets/Matirials/Backgrounds/Icon_turn_off_sound.jpg using Guid(36d9f1403d1b88442a0b09ffe92fcb68) Importer(815301076,1909f56bfc062723c751e8b465ee728b)  -> (artifact id: '7fb4159bfabdc3c964946f2af8b3b566') in 0.042100 seconds
  Import took 0.044466 seconds .

========================================================================
Received Prepare
Registering precompiled user dll's ...
Registered in 0.000471 seconds.
Begin MonoManager ReloadAssembly
Native extension for WindowsStandalone target not found
Refreshing native plugins compatible for Editor in 0.23 ms, found 0 plugins.
Preloading 0 native plugins for Editor in 0.00 ms.
Invoked RoslynAnalysisRunner static constructor.
RoslynAnalysisRunner will not be running.
RoslynAnalysisRunner has terminated.
Mono: successfully reloaded assembly
- Completed reload, in  0.721 seconds
Platform modules already initialized, skipping
Refreshing native plugins compatible for Editor in 0.23 ms, found 0 plugins.
Preloading 0 native plugins for Editor in 0.00 ms.
Unloading 1141 Unused Serialized files (Serialized files now loaded: 0)
System memory in use before: 62.9 MB.
System memory in use after: 63.0 MB.

Unloading 5 unused Assets to reduce memory usage. Loaded Objects now: 1612.
Total: 1.385300 ms (FindLiveObjects: 0.118600 ms CreateObjectMapping: 0.030900 ms MarkObjects: 1.193900 ms  DeleteObjects: 0.040900 ms)

========================================================================
Received Prepare
Registering precompiled user dll's ...
Registered in 0.000548 seconds.
Begin MonoManager ReloadAssembly
Native extension for WindowsStandalone target not found
Refreshing native plugins compatible for Editor in 0.33 ms, found 0 plugins.
Preloading 0 native plugins for Editor in 0.00 ms.
Invoked RoslynAnalysisRunner static constructor.
RoslynAnalysisRunner will not be running.
RoslynAnalysisRunner has terminated.
Mono: successfully reloaded assembly
- Completed reload, in  0.707 seconds
Platform modules already initialized, skipping
Refreshing native plugins compatible for Editor in 0.23 ms, found 0 plugins.
Preloading 0 native plugins for Editor in 0.00 ms.
Unloading 1141 Unused Serialized files (Serialized files now loaded: 0)
System memory in use before: 63.3 MB.
System memory in use after: 63.4 MB.

Unloading 5 unused Assets to reduce memory usage. Loaded Objects now: 1614.
Total: 1.965300 ms (FindLiveObjects: 0.161800 ms CreateObjectMapping: 0.051200 ms MarkObjects: 1.705000 ms  DeleteObjects: 0.045800 ms)

========================================================================
Received Import Request.
  Time since last request: 717.769333 seconds.
  path: Assets/Scenes/Play.unity
  artifactKey: Guid(9fc0d4010bbf28b4594072e72b8655ab) Importer(815301076,1909f56bfc062723c751e8b465ee728b)
Start importing Assets/Scenes/Play.unity using Guid(9fc0d4010bbf28b4594072e72b8655ab) Importer(815301076,1909f56bfc062723c751e8b465ee728b)  -> (artifact id: '32cc9837b9ec1b7e84c7f7415b3af498') in 0.043777 seconds
  Import took 0.045736 seconds .

========================================================================
Received Prepare
Registering precompiled user dll's ...
Registered in 0.000459 seconds.
Begin MonoManager ReloadAssembly
Native extension for WindowsStandalone target not found
Refreshing native plugins compatible for Editor in 0.23 ms, found 0 plugins.
Preloading 0 native plugins for Editor in 0.00 ms.
Invoked RoslynAnalysisRunner static constructor.
RoslynAnalysisRunner will not be running.
RoslynAnalysisRunner has terminated.
Mono: successfully reloaded assembly
- Completed reload, in  0.673 seconds
Platform modules already initialized, skipping
Refreshing native plugins compatible for Editor in 0.24 ms, found 0 plugins.
Preloading 0 native plugins for Editor in 0.00 ms.
Unloading 1141 Unused Serialized files (Serialized files now loaded: 0)
System memory in use before: 63.7 MB.
System memory in use after: 63.8 MB.

Unloading 5 unused Assets to reduce memory usage. Loaded Objects now: 1616.
Total: 1.587000 ms (FindLiveObjects: 0.152500 ms CreateObjectMapping: 0.035500 ms MarkObjects: 1.358600 ms  DeleteObjects: 0.038500 ms)

========================================================================
Received Import Request.
  Time since last request: 473.067296 seconds.
  path: Assets/Sprites/Asteroids/meteorBrown_big1 1.prefab
  artifactKey: Guid(a42b9bb0a74e03c4486235c2acfba1b8) Importer(815301076,1909f56bfc062723c751e8b465ee728b)
Start importing Assets/Sprites/Asteroids/meteorBrown_big1 1.prefab using Guid(a42b9bb0a74e03c4486235c2acfba1b8) Importer(815301076,1909f56bfc062723c751e8b465ee728b)  -> (artifact id: '76bf510be664acba077a5bf951420457') in 0.062827 seconds
  Import took 0.065095 seconds .

========================================================================
Received Import Request.
  Time since last request: 0.000172 seconds.
  path: Assets/Sprites/Asteroids/meteorBrown_big3 1.prefab
  artifactKey: Guid(f73874c63abffe04aa12c345c8e1fd2a) Importer(815301076,1909f56bfc062723c751e8b465ee728b)
Start importing Assets/Sprites/Asteroids/meteorBrown_big3 1.prefab using Guid(f73874c63abffe04aa12c345c8e1fd2a) Importer(815301076,1909f56bfc062723c751e8b465ee728b)  -> (artifact id: '58d18e4eb871ae87e0a188842de69371') in 0.021453 seconds
  Import took 0.023567 seconds .

========================================================================
Received Import Request.
  Time since last request: 0.000268 seconds.
  path: Assets/Sprites/Asteroids/meteorBrown_big2 1.prefab
  artifactKey: Guid(d399a025efc54284486ca601bc582be4) Importer(815301076,1909f56bfc062723c751e8b465ee728b)
Start importing Assets/Sprites/Asteroids/meteorBrown_big2 1.prefab using Guid(d399a025efc54284486ca601bc582be4) Importer(815301076,1909f56bfc062723c751e8b465ee728b)  -> (artifact id: 'ce23dbe996ac1807c08829b2852ac581') in 0.007349 seconds
  Import took 0.009925 seconds .

========================================================================
Received Import Request.
  Time since last request: 10.045802 seconds.
  path: Assets/Sprites/Asteroids/BigAsteroid
  artifactKey: Guid(5e5787cea1f85ee489ce34c85ece686a) Importer(815301076,1909f56bfc062723c751e8b465ee728b)
Start importing Assets/Sprites/Asteroids/BigAsteroid using Guid(5e5787cea1f85ee489ce34c85ece686a) Importer(815301076,1909f56bfc062723c751e8b465ee728b)  -> (artifact id: '55ca38bf4497fba6f6d7f2a754d18297') in 0.002505 seconds
  Import took 0.004456 seconds .

========================================================================
Received Import Request.
  Time since last request: 0.003109 seconds.
  path: Assets/Sprites/Asteroids/BigAsteroid
  artifactKey: Guid(5e5787cea1f85ee489ce34c85ece686a) Importer(815301076,1909f56bfc062723c751e8b465ee728b)
Start importing Assets/Sprites/Asteroids/BigAsteroid using Guid(5e5787cea1f85ee489ce34c85ece686a) Importer(815301076,1909f56bfc062723c751e8b465ee728b)  -> (artifact id: '55ca38bf4497fba6f6d7f2a754d18297') in 0.011688 seconds
  Import took 0.013713 seconds .

========================================================================
Received Import Request.
  Time since last request: 22.190448 seconds.
  path: Assets/Sprites/Asteroids/BigAsteroid/meteorBrown_big1 1.prefab
  artifactKey: Guid(a42b9bb0a74e03c4486235c2acfba1b8) Importer(815301076,1909f56bfc062723c751e8b465ee728b)
Start importing Assets/Sprites/Asteroids/BigAsteroid/meteorBrown_big1 1.prefab using Guid(a42b9bb0a74e03c4486235c2acfba1b8) Importer(815301076,1909f56bfc062723c751e8b465ee728b)  -> (artifact id: '3781003266cbc2618962fee9af8a4be2') in 0.008192 seconds
  Import took 0.010521 seconds .

========================================================================
Received Import Request.
  Time since last request: 0.000162 seconds.
  path: Assets/Sprites/Asteroids/BigAsteroid/meteorBrown_big3 1.prefab
  artifactKey: Guid(f73874c63abffe04aa12c345c8e1fd2a) Importer(815301076,1909f56bfc062723c751e8b465ee728b)
Start importing Assets/Sprites/Asteroids/BigAsteroid/meteorBrown_big3 1.prefab using Guid(f73874c63abffe04aa12c345c8e1fd2a) Importer(815301076,1909f56bfc062723c751e8b465ee728b)  -> (artifact id: 'ae02c150d405c73b8ead36b1debe7593') in 0.007442 seconds
  Import took 0.009538 seconds .

========================================================================
Received Import Request.
  Time since last request: 0.000185 seconds.
  path: Assets/Sprites/Asteroids/BigAsteroid/meteorBrown_big2 1.prefab
  artifactKey: Guid(d399a025efc54284486ca601bc582be4) Importer(815301076,1909f56bfc062723c751e8b465ee728b)
Start importing Assets/Sprites/Asteroids/BigAsteroid/meteorBrown_big2 1.prefab using Guid(d399a025efc54284486ca601bc582be4) Importer(815301076,1909f56bfc062723c751e8b465ee728b)  -> (artifact id: '451e3e11a6e0ee50e59679be80a7a47b') in 0.017433 seconds
  Import took 0.019321 seconds .

========================================================================
Received Import Request.
  Time since last request: 1.172225 seconds.
  path: Assets/Sprites/Asteroids/BigAsteroid/meteorBrown_big1 1.prefab
  artifactKey: Guid(a42b9bb0a74e03c4486235c2acfba1b8) Importer(815301076,1909f56bfc062723c751e8b465ee728b)
Start importing Assets/Sprites/Asteroids/BigAsteroid/meteorBrown_big1 1.prefab using Guid(a42b9bb0a74e03c4486235c2acfba1b8) Importer(815301076,1909f56bfc062723c751e8b465ee728b)  -> (artifact id: '71ce5191ab144b76f711cdd3eb1e5217') in 0.011207 seconds
  Import took 0.013315 seconds .

========================================================================
Received Import Request.
  Time since last request: 0.000172 seconds.
  path: Assets/Sprites/Asteroids/BigAsteroid/meteorBrown_big3 1.prefab
  artifactKey: Guid(f73874c63abffe04aa12c345c8e1fd2a) Importer(815301076,1909f56bfc062723c751e8b465ee728b)
Start importing Assets/Sprites/Asteroids/BigAsteroid/meteorBrown_big3 1.prefab using Guid(f73874c63abffe04aa12c345c8e1fd2a) Importer(815301076,1909f56bfc062723c751e8b465ee728b)  -> (artifact id: '9888a5ad3458bd78ce176d46b8c23f8d') in 0.008213 seconds
  Import took 0.010409 seconds .

========================================================================
Received Import Request.
  Time since last request: 0.000192 seconds.
  path: Assets/Sprites/Asteroids/BigAsteroid/meteorBrown_big2 1.prefab
  artifactKey: Guid(d399a025efc54284486ca601bc582be4) Importer(815301076,1909f56bfc062723c751e8b465ee728b)
Start importing Assets/Sprites/Asteroids/BigAsteroid/meteorBrown_big2 1.prefab using Guid(d399a025efc54284486ca601bc582be4) Importer(815301076,1909f56bfc062723c751e8b465ee728b)  -> (artifact id: '76a592589093bf346db71b31b25bb2e6') in 0.017537 seconds
  Import took 0.019458 seconds .

========================================================================
Received Import Request.
  Time since last request: 0.002403 seconds.
  path: Assets/Sprites/Asteroids/BigAsteroid/meteorBrown_big2 1.prefab
  artifactKey: Guid(d399a025efc54284486ca601bc582be4) Importer(815301076,1909f56bfc062723c751e8b465ee728b)
Start importing Assets/Sprites/Asteroids/BigAsteroid/meteorBrown_big2 1.prefab using Guid(d399a025efc54284486ca601bc582be4) Importer(815301076,1909f56bfc062723c751e8b465ee728b)  -> (artifact id: '76a592589093bf346db71b31b25bb2e6') in 0.017182 seconds
  Import took 0.019411 seconds .

========================================================================
Received Prepare
Registering precompiled user dll's ...
Registered in 0.000541 seconds.
Begin MonoManager ReloadAssembly
Native extension for WindowsStandalone target not found
Refreshing native plugins compatible for Editor in 0.27 ms, found 0 plugins.
Preloading 0 native plugins for Editor in 0.00 ms.
Invoked RoslynAnalysisRunner static constructor.
RoslynAnalysisRunner will not be running.
RoslynAnalysisRunner has terminated.
Mono: successfully reloaded assembly
- Completed reload, in  0.688 seconds
Platform modules already initialized, skipping
Refreshing native plugins compatible for Editor in 0.23 ms, found 0 plugins.
Preloading 0 native plugins for Editor in 0.00 ms.
Unloading 1141 Unused Serialized files (Serialized files now loaded: 0)
System memory in use before: 64.0 MB.
System memory in use after: 64.1 MB.

Unloading 5 unused Assets to reduce memory usage. Loaded Objects now: 1622.
Total: 1.314300 ms (FindLiveObjects: 0.121400 ms CreateObjectMapping: 0.033300 ms MarkObjects: 1.121000 ms  DeleteObjects: 0.037700 ms)

========================================================================
Received Import Request.
  Time since last request: 161.220200 seconds.
  path: Assets/Sprites/Asteroids/BigAsteroid/meteorBrown_big3 1.prefab
  artifactKey: Guid(f73874c63abffe04aa12c345c8e1fd2a) Importer(815301076,1909f56bfc062723c751e8b465ee728b)
Start importing Assets/Sprites/Asteroids/BigAsteroid/meteorBrown_big3 1.prefab using Guid(f73874c63abffe04aa12c345c8e1fd2a) Importer(815301076,1909f56bfc062723c751e8b465ee728b)  -> (artifact id: 'db9531156ce96f42e5d20cc0e1083cf8') in 0.049178 seconds
  Import took 0.051057 seconds .

